# JRE version: Java(TM) SE Runtime Environment (8.0_251-b08) (build 1.8.0_251-b08)
# Java VM: Java HotSpot(TM) 64-Bit Server VM (25.251-b08 mixed mode windows-amd64 compressed oops)
Heap:
 PSYoungGen      total 161792K, used 110983K [0x00000000f5580000, 0x0000000100000000, 0x0000000100000000)
  eden space 148992K, 65% used [0x00000000f5580000,0x00000000fb563da0,0x00000000fe700000)
  from space 12800K, 99% used [0x00000000fe700000,0x00000000ff37e158,0x00000000ff380000)
  to   space 12800K, 0% used [0x00000000ff380000,0x00000000ff380000,0x0000000100000000)
 ParOldGen       total 175104K, used 31536K [0x00000000e0000000, 0x00000000eab00000, 0x00000000f5580000)
  object space 175104K, 18% used [0x00000000e0000000,0x00000000e1ecc110,0x00000000eab00000)
 Metaspace       used 50303K, capacity 52248K, committed 52480K, reserved 1093632K
  class space    used 6958K, capacity 7362K, committed 7424K, reserved 1048576K
GC Heap History (10 events):
Event: 10.660 GC heap before
{Heap before GC invocations=7 (full 1):
 PSYoungGen      total 76288K, used 74439K [0x00000000f5580000, 0x00000000fe100000, 0x0000000100000000)
  eden space 65536K, 100% used [0x00000000f5580000,0x00000000f9580000,0x00000000f9580000)
  from space 10752K, 82% used [0x00000000f9580000,0x00000000f9e31df8,0x00000000fa000000)
  to   space 12800K, 0% used [0x00000000fd480000,0x00000000fd480000,0x00000000fe100000)
 ParOldGen       total 175104K, used 7014K [0x00000000e0000000, 0x00000000eab00000, 0x00000000f5580000)
  object space 175104K, 4% used [0x00000000e0000000,0x00000000e06d9948,0x00000000eab00000)
 Metaspace       used 32797K, capacity 33564K, committed 33792K, reserved 1079296K
  class space    used 4588K, capacity 4777K, committed 4864K, reserved 1048576K
Event: 10.760 GC heap after
Heap after GC invocations=7 (full 1):
 PSYoungGen      total 130560K, used 9324K [0x00000000f5580000, 0x00000000fe100000, 0x0000000100000000)
  eden space 117760K, 0% used [0x00000000f5580000,0x00000000f5580000,0x00000000fc880000)
  from space 12800K, 72% used [0x00000000fd480000,0x00000000fdd9b358,0x00000000fe100000)
  to   space 12288K, 0% used [0x00000000fc880000,0x00000000fc880000,0x00000000fd480000)
 ParOldGen       total 175104K, used 7022K [0x00000000e0000000, 0x00000000eab00000, 0x00000000f5580000)
  object space 175104K, 4% used [0x00000000e0000000,0x00000000e06db948,0x00000000eab00000)
 Metaspace       used 32797K, capacity 33564K, committed 33792K, reserved 1079296K
  class space    used 4588K, capacity 4777K, committed 4864K, reserved 1048576K
}
Event: 12.034 GC heap before
{Heap before GC invocations=8 (full 1):
 PSYoungGen      total 130560K, used 51660K [0x00000000f5580000, 0x00000000fe100000, 0x0000000100000000)
  eden space 117760K, 35% used [0x00000000f5580000,0x00000000f7ed7f50,0x00000000fc880000)
  from space 12800K, 72% used [0x00000000fd480000,0x00000000fdd9b358,0x00000000fe100000)
  to   space 12288K, 0% used [0x00000000fc880000,0x00000000fc880000,0x00000000fd480000)
 ParOldGen       total 175104K, used 7022K [0x00000000e0000000, 0x00000000eab00000, 0x00000000f5580000)
  object space 175104K, 4% used [0x00000000e0000000,0x00000000e06db948,0x00000000eab00000)
 Metaspace       used 34556K, capacity 35386K, committed 35496K, reserved 1079296K
  class space    used 4916K, capacity 5140K, committed 5248K, reserved 1048576K
Event: 12.051 GC heap after
Heap after GC invocations=8 (full 1):
 PSYoungGen      total 130048K, used 9246K [0x00000000f5580000, 0x00000000fff80000, 0x0000000100000000)
  eden space 117760K, 0% used [0x00000000f5580000,0x00000000f5580000,0x00000000fc880000)
  from space 12288K, 75% used [0x00000000fc880000,0x00000000fd187800,0x00000000fd480000)
  to   space 12288K, 0% used [0x00000000ff380000,0x00000000ff380000,0x00000000fff80000)
 ParOldGen       total 175104K, used 7030K [0x00000000e0000000, 0x00000000eab00000, 0x00000000f5580000)
  object space 175104K, 4% used [0x00000000e0000000,0x00000000e06dd948,0x00000000eab00000)
 Metaspace       used 34556K, capacity 35386K, committed 35496K, reserved 1079296K
  class space    used 4916K, capacity 5140K, committed 5248K, reserved 1048576K
}
Event: 12.051 GC heap before
{Heap before GC invocations=9 (full 2):
 PSYoungGen      total 130048K, used 9246K [0x00000000f5580000, 0x00000000fff80000, 0x0000000100000000)
  eden space 117760K, 0% used [0x00000000f5580000,0x00000000f5580000,0x00000000fc880000)
  from space 12288K, 75% used [0x00000000fc880000,0x00000000fd187800,0x00000000fd480000)
  to   space 12288K, 0% used [0x00000000ff380000,0x00000000ff380000,0x00000000fff80000)
 ParOldGen       total 175104K, used 7030K [0x00000000e0000000, 0x00000000eab00000, 0x00000000f5580000)
  object space 175104K, 4% used [0x00000000e0000000,0x00000000e06dd948,0x00000000eab00000)
 Metaspace       used 34556K, capacity 35386K, committed 35496K, reserved 1079296K
  class space    used 4916K, capacity 5140K, committed 5248K, reserved 1048576K
Event: 12.191 GC heap after
Heap after GC invocations=9 (full 2):
 PSYoungGen      total 130048K, used 0K [0x00000000f5580000, 0x00000000fff80000, 0x0000000100000000)
  eden space 117760K, 0% used [0x00000000f5580000,0x00000000f5580000,0x00000000fc880000)
  from space 12288K, 0% used [0x00000000fc880000,0x00000000fc880000,0x00000000fd480000)
  to   space 12288K, 0% used [0x00000000ff380000,0x00000000ff380000,0x00000000fff80000)
 ParOldGen       total 175104K, used 15808K [0x00000000e0000000, 0x00000000eab00000, 0x00000000f5580000)
  object space 175104K, 9% used [0x00000000e0000000,0x00000000e0f70208,0x00000000eab00000)
 Metaspace       used 34556K, capacity 35386K, committed 35496K, reserved 1079296K
  class space    used 4916K, capacity 5140K, committed 5248K, reserved 1048576K
}
Event: 15.971 GC heap before
{Heap before GC invocations=10 (full 2):
 PSYoungGen      total 130048K, used 117760K [0x00000000f5580000, 0x00000000fff80000, 0x0000000100000000)
  eden space 117760K, 100% used [0x00000000f5580000,0x00000000fc880000,0x00000000fc880000)
  from space 12288K, 0% used [0x00000000fc880000,0x00000000fc880000,0x00000000fd480000)
  to   space 12288K, 0% used [0x00000000ff380000,0x00000000ff380000,0x00000000fff80000)
 ParOldGen       total 175104K, used 15808K [0x00000000e0000000, 0x00000000eab00000, 0x00000000f5580000)
  object space 175104K, 9% used [0x00000000e0000000,0x00000000e0f70208,0x00000000eab00000)
 Metaspace       used 41304K, capacity 42846K, committed 43008K, reserved 1085440K
  class space    used 6032K, capacity 6369K, committed 6400K, reserved 1048576K
Event: 16.015 GC heap after
Heap after GC invocations=10 (full 2):
 PSYoungGen      total 161280K, used 10935K [0x00000000f5580000, 0x0000000100000000, 0x0000000100000000)
  eden space 148992K, 0% used [0x00000000f5580000,0x00000000f5580000,0x00000000fe700000)
  from space 12288K, 88% used [0x00000000ff380000,0x00000000ffe2df38,0x00000000fff80000)
  to   space 12800K, 0% used [0x00000000fe700000,0x00000000fe700000,0x00000000ff380000)
 ParOldGen       total 175104K, used 15816K [0x00000000e0000000, 0x00000000eab00000, 0x00000000f5580000)
  object space 175104K, 9% used [0x00000000e0000000,0x00000000e0f72208,0x00000000eab00000)
 Metaspace       used 41304K, capacity 42846K, committed 43008K, reserved 1085440K
  class space    used 6032K, capacity 6369K, committed 6400K, reserved 1048576K
}
Event: 317.515 GC heap before
{Heap before GC invocations=11 (full 2):
 PSYoungGen      total 161280K, used 159927K [0x00000000f5580000, 0x0000000100000000, 0x0000000100000000)
  eden space 148992K, 100% used [0x00000000f5580000,0x00000000fe700000,0x00000000fe700000)
  from space 12288K, 88% used [0x00000000ff380000,0x00000000ffe2df38,0x00000000fff80000)
  to   space 12800K, 0% used [0x00000000fe700000,0x00000000fe700000,0x00000000ff380000)
 ParOldGen       total 175104K, used 15816K [0x00000000e0000000, 0x00000000eab00000, 0x00000000f5580000)
  object space 175104K, 9% used [0x00000000e0000000,0x00000000e0f72208,0x00000000eab00000)
 Metaspace       used 49527K, capacity 51408K, committed 51712K, reserved 1093632K
  class space    used 6940K, capacity 7330K, committed 7424K, reserved 1048576K
Event: 317.561 GC heap after
Heap after GC invocations=11 (full 2):
 PSYoungGen      total 161792K, used 12792K [0x00000000f5580000, 0x0000000100000000, 0x0000000100000000)
  eden space 148992K, 0% used [0x00000000f5580000,0x00000000f5580000,0x00000000fe700000)
  from space 12800K, 99% used [0x00000000fe700000,0x00000000ff37e158,0x00000000ff380000)
  to   space 12800K, 0% used [0x00000000ff380000,0x00000000ff380000,0x0000000100000000)
 ParOldGen       total 175104K, used 31536K [0x00000000e0000000, 0x00000000eab00000, 0x00000000f5580000)
  object space 175104K, 18% used [0x00000000e0000000,0x00000000e1ecc110,0x00000000eab00000)
 Metaspace       used 49527K, capacity 51408K, committed 51712K, reserved 1093632K
  class space    used 6940K, capacity 7330K, committed 7424K, reserved 1048576K
}

