# JRE version: Java(TM) SE Runtime Environment (8.0_251-b08) (build 1.8.0_251-b08)
# Java VM: Java HotSpot(TM) 64-Bit Server VM (25.251-b08 mixed mode windows-amd64 compressed oops)
Heap:
 PSYoungGen      total 161280K, used 94244K [0x00000000f5580000, 0x0000000100000000, 0x0000000100000000)
  eden space 148992K, 55% used [0x00000000f5580000,0x00000000fa6bffd8,0x00000000fe700000)
  from space 12288K, 89% used [0x00000000ff380000,0x00000000ffe492c8,0x00000000fff80000)
  to   space 12800K, 0% used [0x00000000fe700000,0x00000000fe700000,0x00000000ff380000)
 ParOldGen       total 175104K, used 15794K [0x00000000e0000000, 0x00000000eab00000, 0x00000000f5580000)
  object space 175104K, 9% used [0x00000000e0000000,0x00000000e0f6ca50,0x00000000eab00000)
 Metaspace       used 48084K, capacity 49798K, committed 50048K, reserved 1091584K
  class space    used 6831K, capacity 7227K, committed 7296K, reserved 1048576K
GC Heap History (10 events):
Event: 4.007 GC heap before
{Heap before GC invocations=6 (full 1):
 PSYoungGen      total 76288K, used 65426K [0x00000000f5580000, 0x00000000fea80000, 0x0000000100000000)
  eden space 65536K, 99% used [0x00000000f5580000,0x00000000f9564960,0x00000000f9580000)
  from space 10752K, 0% used [0x00000000fa000000,0x00000000fa000000,0x00000000faa80000)
  to   space 10752K, 0% used [0x00000000f9580000,0x00000000f9580000,0x00000000fa000000)
 ParOldGen       total 175104K, used 6938K [0x00000000e0000000, 0x00000000eab00000, 0x00000000f5580000)
  object space 175104K, 3% used [0x00000000e0000000,0x00000000e06c6a20,0x00000000eab00000)
 Metaspace       used 28050K, capacity 28692K, committed 29056K, reserved 1075200K
  class space    used 3952K, capacity 4136K, committed 4224K, reserved 1048576K
Event: 4.013 GC heap after
Heap after GC invocations=6 (full 1):
 PSYoungGen      total 76288K, used 9374K [0x00000000f5580000, 0x00000000fe500000, 0x0000000100000000)
  eden space 65536K, 0% used [0x00000000f5580000,0x00000000f5580000,0x00000000f9580000)
  from space 10752K, 87% used [0x00000000f9580000,0x00000000f9ea7960,0x00000000fa000000)
  to   space 12800K, 0% used [0x00000000fd880000,0x00000000fd880000,0x00000000fe500000)
 ParOldGen       total 175104K, used 6946K [0x00000000e0000000, 0x00000000eab00000, 0x00000000f5580000)
  object space 175104K, 3% used [0x00000000e0000000,0x00000000e06c8a20,0x00000000eab00000)
 Metaspace       used 28050K, capacity 28692K, committed 29056K, reserved 1075200K
  class space    used 3952K, capacity 4136K, committed 4224K, reserved 1048576K
}
Event: 4.588 GC heap before
{Heap before GC invocations=7 (full 1):
 PSYoungGen      total 76288K, used 74910K [0x00000000f5580000, 0x00000000fe500000, 0x0000000100000000)
  eden space 65536K, 100% used [0x00000000f5580000,0x00000000f9580000,0x00000000f9580000)
  from space 10752K, 87% used [0x00000000f9580000,0x00000000f9ea7960,0x00000000fa000000)
  to   space 12800K, 0% used [0x00000000fd880000,0x00000000fd880000,0x00000000fe500000)
 ParOldGen       total 175104K, used 6946K [0x00000000e0000000, 0x00000000eab00000, 0x00000000f5580000)
  object space 175104K, 3% used [0x00000000e0000000,0x00000000e06c8a20,0x00000000eab00000)
 Metaspace       used 32771K, capacity 33464K, committed 33536K, reserved 1077248K
  class space    used 4594K, capacity 4809K, committed 4864K, reserved 1048576K
Event: 4.615 GC heap after
Heap after GC invocations=7 (full 1):
 PSYoungGen      total 133120K, used 9382K [0x00000000f5580000, 0x00000000fe480000, 0x0000000100000000)
  eden space 120832K, 0% used [0x00000000f5580000,0x00000000f5580000,0x00000000fcb80000)
  from space 12288K, 76% used [0x00000000fd880000,0x00000000fe1a98e8,0x00000000fe480000)
  to   space 12800K, 0% used [0x00000000fcb80000,0x00000000fcb80000,0x00000000fd800000)
 ParOldGen       total 175104K, used 6946K [0x00000000e0000000, 0x00000000eab00000, 0x00000000f5580000)
  object space 175104K, 3% used [0x00000000e0000000,0x00000000e06c8a20,0x00000000eab00000)
 Metaspace       used 32771K, capacity 33464K, committed 33536K, reserved 1077248K
  class space    used 4594K, capacity 4809K, committed 4864K, reserved 1048576K
}
Event: 5.206 GC heap before
{Heap before GC invocations=8 (full 1):
 PSYoungGen      total 133120K, used 52863K [0x00000000f5580000, 0x00000000fe480000, 0x0000000100000000)
  eden space 120832K, 35% used [0x00000000f5580000,0x00000000f7ff6428,0x00000000fcb80000)
  from space 12288K, 76% used [0x00000000fd880000,0x00000000fe1a98e8,0x00000000fe480000)
  to   space 12800K, 0% used [0x00000000fcb80000,0x00000000fcb80000,0x00000000fd800000)
 ParOldGen       total 175104K, used 6946K [0x00000000e0000000, 0x00000000eab00000, 0x00000000f5580000)
  object space 175104K, 3% used [0x00000000e0000000,0x00000000e06c8a20,0x00000000eab00000)
 Metaspace       used 34550K, capacity 35386K, committed 35496K, reserved 1079296K
  class space    used 4918K, capacity 5140K, committed 5248K, reserved 1048576K
Event: 5.220 GC heap after
Heap after GC invocations=8 (full 1):
 PSYoungGen      total 133632K, used 9171K [0x00000000f5580000, 0x00000000fff80000, 0x0000000100000000)
  eden space 120832K, 0% used [0x00000000f5580000,0x00000000f5580000,0x00000000fcb80000)
  from space 12800K, 71% used [0x00000000fcb80000,0x00000000fd474ce0,0x00000000fd800000)
  to   space 12288K, 0% used [0x00000000ff380000,0x00000000ff380000,0x00000000fff80000)
 ParOldGen       total 175104K, used 6954K [0x00000000e0000000, 0x00000000eab00000, 0x00000000f5580000)
  object space 175104K, 3% used [0x00000000e0000000,0x00000000e06caa20,0x00000000eab00000)
 Metaspace       used 34550K, capacity 35386K, committed 35496K, reserved 1079296K
  class space    used 4918K, capacity 5140K, committed 5248K, reserved 1048576K
}
Event: 5.220 GC heap before
{Heap before GC invocations=9 (full 2):
 PSYoungGen      total 133632K, used 9171K [0x00000000f5580000, 0x00000000fff80000, 0x0000000100000000)
  eden space 120832K, 0% used [0x00000000f5580000,0x00000000f5580000,0x00000000fcb80000)
  from space 12800K, 71% used [0x00000000fcb80000,0x00000000fd474ce0,0x00000000fd800000)
  to   space 12288K, 0% used [0x00000000ff380000,0x00000000ff380000,0x00000000fff80000)
 ParOldGen       total 175104K, used 6954K [0x00000000e0000000, 0x00000000eab00000, 0x00000000f5580000)
  object space 175104K, 3% used [0x00000000e0000000,0x00000000e06caa20,0x00000000eab00000)
 Metaspace       used 34550K, capacity 35386K, committed 35496K, reserved 1079296K
  class space    used 4918K, capacity 5140K, committed 5248K, reserved 1048576K
Event: 5.294 GC heap after
Heap after GC invocations=9 (full 2):
 PSYoungGen      total 133632K, used 0K [0x00000000f5580000, 0x00000000fff80000, 0x0000000100000000)
  eden space 120832K, 0% used [0x00000000f5580000,0x00000000f5580000,0x00000000fcb80000)
  from space 12800K, 0% used [0x00000000fcb80000,0x00000000fcb80000,0x00000000fd800000)
  to   space 12288K, 0% used [0x00000000ff380000,0x00000000ff380000,0x00000000fff80000)
 ParOldGen       total 175104K, used 15794K [0x00000000e0000000, 0x00000000eab00000, 0x00000000f5580000)
  object space 175104K, 9% used [0x00000000e0000000,0x00000000e0f6ca50,0x00000000eab00000)
 Metaspace       used 34550K, capacity 35386K, committed 35496K, reserved 1079296K
  class space    used 4918K, capacity 5140K, committed 5248K, reserved 1048576K
}
Event: 6.306 GC heap before
{Heap before GC invocations=10 (full 2):
 PSYoungGen      total 133632K, used 120832K [0x00000000f5580000, 0x00000000fff80000, 0x0000000100000000)
  eden space 120832K, 100% used [0x00000000f5580000,0x00000000fcb80000,0x00000000fcb80000)
  from space 12800K, 0% used [0x00000000fcb80000,0x00000000fcb80000,0x00000000fd800000)
  to   space 12288K, 0% used [0x00000000ff380000,0x00000000ff380000,0x00000000fff80000)
 ParOldGen       total 175104K, used 15794K [0x00000000e0000000, 0x00000000eab00000, 0x00000000f5580000)
  object space 175104K, 9% used [0x00000000e0000000,0x00000000e0f6ca50,0x00000000eab00000)
 Metaspace       used 41342K, capacity 42944K, committed 43008K, reserved 1085440K
  class space    used 6048K, capacity 6384K, committed 6400K, reserved 1048576K
Event: 6.319 GC heap after
Heap after GC invocations=10 (full 2):
 PSYoungGen      total 161280K, used 11044K [0x00000000f5580000, 0x0000000100000000, 0x0000000100000000)
  eden space 148992K, 0% used [0x00000000f5580000,0x00000000f5580000,0x00000000fe700000)
  from space 12288K, 89% used [0x00000000ff380000,0x00000000ffe492c8,0x00000000fff80000)
  to   space 12800K, 0% used [0x00000000fe700000,0x00000000fe700000,0x00000000ff380000)
 ParOldGen       total 175104K, used 15794K [0x00000000e0000000, 0x00000000eab00000, 0x00000000f5580000)
  object space 175104K, 9% used [0x00000000e0000000,0x00000000e0f6ca50,0x00000000eab00000)
 Metaspace       used 41342K, capacity 42944K, committed 43008K, reserved 1085440K
  class space    used 6048K, capacity 6384K, committed 6400K, reserved 1048576K
}

